<?xml version="1.0" encoding="UTF-8"?>
<!-- Generated by org.testng.reporters.JUnitXMLReporter -->
<testsuite ignored="0" hostname="DESKTOP-RDLS5V0" failures="0" tests="2" name="Run on Chrome" time="6.123" errors="0" timestamp="2024-04-26T15:18:37 ICT">
  <testcase classname="com.nopcommerce.login.Level_15_Register_Login_Pattern_Object" name="TC_01_Register_Success" time="2.213"/>
  <testcase classname="com.nopcommerce.login.Level_15_Register_Login_Pattern_Object" name="TC_02_Login" time="1.304"/>
</testsuite> <!-- Run on Chrome -->
