<?xml version="1.0" encoding="UTF-8"?>
<testng-results ignored="0" total="2" passed="2" failed="0" skipped="0">
  <reporter-output>
    <line>
      <![CDATA[[2024-04-26 15:18:31,325] Pre-Condition: Open browser chrome and url https://demo.nopcommerce.com/ 
]]>
    </line>
    <line>
      <![CDATA[[2024-04-26 15:18:33,662] Register 01 - Step 01: Click to Register link 
]]>
    </line>
    <line>
      <![CDATA[[2024-04-26 15:18:34,114] Register 02 - Step 01: Click to Male radio button 
]]>
    </line>
    <line>
      <![CDATA[[2024-04-26 15:18:34,203] Register 02 - Step 02: Select item in date/month/year dropdown 
]]>
    </line>
    <line>
      <![CDATA[[2024-04-26 15:18:34,456] Register 02 - Step 03: Enter to Firstname textbox 
]]>
    </line>
    <line>
      <![CDATA[[2024-04-26 15:18:34,588] Register 02 - Step 04: Enter to Lasttname textbox 
]]>
    </line>
    <line>
      <![CDATA[[2024-04-26 15:18:34,711] Register 02 - Step 05: Enter to Email textbox with value test8478@qa.team 
]]>
    </line>
    <line>
      <![CDATA[[2024-04-26 15:18:34,853] Register 02 - Step 06: Enter to Password textbox with value 123456 
]]>
    </line>
    <line>
      <![CDATA[[2024-04-26 15:18:34,988] Register 02 - Step 07: Enter to Confirm password textbox with value 123456 
]]>
    </line>
    <line>
      <![CDATA[[2024-04-26 15:18:35,118] Register 02 - Step 08: Click to Register button 
]]>
    </line>
    <line>
      <![CDATA[[2024-04-26 15:18:35,690] Register 02 - Step 09: Verify success message is displayed 
]]>
    </line>
    <line>
      <![CDATA[[2024-04-26 15:18:35,784] ---------------------- Passed ----------------------- 
]]>
    </line>
    <line>
      <![CDATA[[2024-04-26 15:18:35,784] Register 02 - Step 10: Click to Continue button 
]]>
    </line>
    <line>
      <![CDATA[[2024-04-26 15:18:35,882] Login 01 - Step 01: Click to Login link 
]]>
    </line>
    <line>
      <![CDATA[[2024-04-26 15:18:36,220] Login 01 - Step 02: Enter to Email textbox with value test8478@qa.team 
]]>
    </line>
    <line>
      <![CDATA[[2024-04-26 15:18:36,515] Login 01 - Step 03: Enter to Password textbox with value 123456 
]]>
    </line>
    <line>
      <![CDATA[[2024-04-26 15:18:36,626] Login 01 - Step 04: Click to Login button 
]]>
    </line>
    <line>
      <![CDATA[[2024-04-26 15:18:37,189] OS name = windows 11 
]]>
    </line>
    <line>
      <![CDATA[[2024-04-26 15:18:37,189] Driver instance name = chromedriver: chrome on windows (579de9996e38bab29d96e9e8776185b1) 
]]>
    </line>
  </reporter-output>
  <suite started-at="2024-04-26T15:18:31 ICT" name="NopCommerce" finished-at="2024-04-26T15:18:37 ICT" duration-ms="6123">
    <groups>
    </groups>
    <test started-at="2024-04-26T15:18:31 ICT" name="Run on Chrome" finished-at="2024-04-26T15:18:37 ICT" duration-ms="6123">
      <class name="com.nopcommerce.login.Level_15_Register_Login_Pattern_Object">
        <test-method is-config="true" signature="deleteFileInReport()[pri:0, instance:com.nopcommerce.login.Level_15_Register_Login_Pattern_Object@4eb30d44]" started-at="2024-04-26T15:18:31 ICT" name="deleteFileInReport" finished-at="2024-04-26T15:18:31 ICT" duration-ms="26" status="PASS">
          <reporter-output>
          </reporter-output>
        </test-method> <!-- deleteFileInReport -->
        <test-method is-config="true" signature="beforeClass(java.lang.String,java.lang.String)[pri:0, instance:com.nopcommerce.login.Level_15_Register_Login_Pattern_Object@4eb30d44]" started-at="2024-04-26T15:18:31 ICT" name="beforeClass" finished-at="2024-04-26T15:18:33 ICT" duration-ms="2278" status="PASS">
          <params>
            <param index="0">
              <value>
                <![CDATA[chrome]]>
              </value>
            </param>
            <param index="1">
              <value>
                <![CDATA[https://demo.nopcommerce.com/]]>
              </value>
            </param>
          </params>
          <reporter-output>
            <line>
              <![CDATA[[2024-04-26 15:18:31,325] Pre-Condition: Open browser chrome and url https://demo.nopcommerce.com/ 
]]>
            </line>
          </reporter-output>
        </test-method> <!-- beforeClass -->
        <test-method signature="TC_01_Register_Success()[pri:0, instance:com.nopcommerce.login.Level_15_Register_Login_Pattern_Object@4eb30d44]" started-at="2024-04-26T15:18:33 ICT" name="TC_01_Register_Success" finished-at="2024-04-26T15:18:35 ICT" duration-ms="2213" status="PASS">
          <reporter-output>
            <line>
              <![CDATA[[2024-04-26 15:18:33,662] Register 01 - Step 01: Click to Register link 
]]>
            </line>
            <line>
              <![CDATA[[2024-04-26 15:18:34,114] Register 02 - Step 01: Click to Male radio button 
]]>
            </line>
            <line>
              <![CDATA[[2024-04-26 15:18:34,203] Register 02 - Step 02: Select item in date/month/year dropdown 
]]>
            </line>
            <line>
              <![CDATA[[2024-04-26 15:18:34,456] Register 02 - Step 03: Enter to Firstname textbox 
]]>
            </line>
            <line>
              <![CDATA[[2024-04-26 15:18:34,588] Register 02 - Step 04: Enter to Lasttname textbox 
]]>
            </line>
            <line>
              <![CDATA[[2024-04-26 15:18:34,711] Register 02 - Step 05: Enter to Email textbox with value test8478@qa.team 
]]>
            </line>
            <line>
              <![CDATA[[2024-04-26 15:18:34,853] Register 02 - Step 06: Enter to Password textbox with value 123456 
]]>
            </line>
            <line>
              <![CDATA[[2024-04-26 15:18:34,988] Register 02 - Step 07: Enter to Confirm password textbox with value 123456 
]]>
            </line>
            <line>
              <![CDATA[[2024-04-26 15:18:35,118] Register 02 - Step 08: Click to Register button 
]]>
            </line>
            <line>
              <![CDATA[[2024-04-26 15:18:35,690] Register 02 - Step 09: Verify success message is displayed 
]]>
            </line>
            <line>
              <![CDATA[[2024-04-26 15:18:35,784] ---------------------- Passed ----------------------- 
]]>
            </line>
            <line>
              <![CDATA[[2024-04-26 15:18:35,784] Register 02 - Step 10: Click to Continue button 
]]>
            </line>
          </reporter-output>
        </test-method> <!-- TC_01_Register_Success -->
        <test-method signature="TC_02_Login()[pri:0, instance:com.nopcommerce.login.Level_15_Register_Login_Pattern_Object@4eb30d44]" started-at="2024-04-26T15:18:35 ICT" name="TC_02_Login" finished-at="2024-04-26T15:18:37 ICT" duration-ms="1304" status="PASS">
          <reporter-output>
            <line>
              <![CDATA[[2024-04-26 15:18:35,882] Login 01 - Step 01: Click to Login link 
]]>
            </line>
            <line>
              <![CDATA[[2024-04-26 15:18:36,220] Login 01 - Step 02: Enter to Email textbox with value test8478@qa.team 
]]>
            </line>
            <line>
              <![CDATA[[2024-04-26 15:18:36,515] Login 01 - Step 03: Enter to Password textbox with value 123456 
]]>
            </line>
            <line>
              <![CDATA[[2024-04-26 15:18:36,626] Login 01 - Step 04: Click to Login button 
]]>
            </line>
          </reporter-output>
        </test-method> <!-- TC_02_Login -->
        <test-method is-config="true" signature="afterClass()[pri:0, instance:com.nopcommerce.login.Level_15_Register_Login_Pattern_Object@4eb30d44]" started-at="2024-04-26T15:18:37 ICT" name="afterClass" finished-at="2024-04-26T15:18:37 ICT" duration-ms="197" status="PASS">
          <reporter-output>
            <line>
              <![CDATA[[2024-04-26 15:18:37,189] OS name = windows 11 
]]>
            </line>
            <line>
              <![CDATA[[2024-04-26 15:18:37,189] Driver instance name = chromedriver: chrome on windows (579de9996e38bab29d96e9e8776185b1) 
]]>
            </line>
          </reporter-output>
        </test-method> <!-- afterClass -->
      </class> <!-- com.nopcommerce.login.Level_15_Register_Login_Pattern_Object -->
    </test> <!-- Run on Chrome -->
  </suite> <!-- NopCommerce -->
</testng-results>
